<?xml version="1.0" encoding="UTF-8"?>
<testng-results ignored="0" total="2" passed="2" failed="0" skipped="0">
  <reporter-output>
  </reporter-output>
  <suite started-at="2023-10-14T12:07:57 IST" name="Default suite" finished-at="2023-10-14T12:08:24 IST" duration-ms="26667">
    <groups>
    </groups>
    <test started-at="2023-10-14T12:07:57 IST" name="Default test" finished-at="2023-10-14T12:08:24 IST" duration-ms="26667">
      <class name="demo.testpages.SearchTest">
        <test-method is-config="true" signature="SetUp()[pri:0, instance:demo.testpages.SearchTest@71a8adcf]" started-at="2023-10-14T12:07:57 IST" name="SetUp" finished-at="2023-10-14T12:08:05 IST" duration-ms="8204" status="PASS">
          <reporter-output>
          </reporter-output>
        </test-method> <!-- SetUp -->
        <test-method signature="ValidatePagetitle()[pri:0, instance:demo.testpages.SearchTest@71a8adcf]" started-at="2023-10-14T12:08:05 IST" name="ValidatePagetitle" finished-at="2023-10-14T12:08:10 IST" duration-ms="5030" status="PASS">
          <reporter-output>
          </reporter-output>
        </test-method> <!-- ValidatePagetitle -->
        <test-method is-config="true" signature="teardown()[pri:0, instance:demo.testpages.SearchTest@71a8adcf]" started-at="2023-10-14T12:08:10 IST" name="teardown" finished-at="2023-10-14T12:08:11 IST" duration-ms="283" status="PASS">
          <reporter-output>
          </reporter-output>
        </test-method> <!-- teardown -->
        <test-method is-config="true" signature="SetUp()[pri:0, instance:demo.testpages.SearchTest@71a8adcf]" started-at="2023-10-14T12:08:11 IST" name="SetUp" finished-at="2023-10-14T12:08:18 IST" duration-ms="7698" status="PASS">
          <reporter-output>
          </reporter-output>
        </test-method> <!-- SetUp -->
        <test-method signature="ActionClick()[pri:1, instance:demo.testpages.SearchTest@71a8adcf]" started-at="2023-10-14T12:08:18 IST" name="ActionClick" finished-at="2023-10-14T12:08:23 IST" duration-ms="5104" status="PASS">
          <reporter-output>
          </reporter-output>
        </test-method> <!-- ActionClick -->
        <test-method is-config="true" signature="teardown()[pri:0, instance:demo.testpages.SearchTest@71a8adcf]" started-at="2023-10-14T12:08:23 IST" name="teardown" finished-at="2023-10-14T12:08:24 IST" duration-ms="292" status="PASS">
          <reporter-output>
          </reporter-output>
        </test-method> <!-- teardown -->
      </class> <!-- demo.testpages.SearchTest -->
    </test> <!-- Default test -->
  </suite> <!-- Default suite -->
</testng-results>
